[90m2025-07-17T12:03:16.564Z[39m [96mINFO[39m [97m@wdio/browserstack-service[39m BrowserStack service started with id: a8b3abe2-1819-460a-8558-917f41fa1c9a
[90m2025-07-17T12:03:16.571Z[39m [32mDEBUG[39m [97m@wdio/browserstack-service[39m Sending SDK event with data {
  userName: '[REDACTED]',
  accessKey: '[REDACTED]',
  event_type: 'SDKTestAttempted',
  detectedFramework: 'WebdriverIO-mocha',
  event_properties: {
    sdkRunId: 'a8b3abe2-1819-460a-8558-917f41fa1c9a',
    testhub_uuid: undefined,
    language_framework: 'WebdriverIO_mocha',
    referrer: 'WebdriverIO-mocha/9.17.0',
    language: 'WebdriverIO',
    languageVersion: 'v24.3.0',
    buildName: 'bstack-webdriverio',
    buildIdentifier: 'undefined',
    os: 'Windows_NT',
    hostname: 'GARCIA-PC',
    productMap: {
      observability: true,
      accessibility: false,
      percy: false,
      automate: false,
      app_automate: true
    },
    product: [ 'observability', 'app-automate' ],
    framework: 'mocha'
  }
}
[90m2025-07-17T12:03:16.997Z[39m [32mDEBUG[39m [97m@wdio/browserstack-service[39m Funnel Event Response: "{\"message\":\"SDK Event recorded successfully\"}"
[90m2025-07-17T12:03:16.998Z[39m [32mDEBUG[39m [97m@wdio/browserstack-service[39m Funnel event success
[90m2025-07-17T12:03:16.999Z[39m [96mINFO[39m [97m@wdio/browserstack-service[39m uploading app ./apps/android.wdio.native.app.v1.0.8.apk  to browserstack
[90m2025-07-17T12:03:27.095Z[39m [96mINFO[39m [97m@wdio/browserstack-service[39m app upload completed: {"app_url":"bs://c29ee7f0676f9b55507a77f102054965dbd4b3fd"}
[90m2025-07-17T12:03:27.096Z[39m [96mINFO[39m [97m@wdio/browserstack-service[39m Using app: bs://c29ee7f0676f9b55507a77f102054965dbd4b3fd
[90m2025-07-17T12:03:27.100Z[39m [33mWARN[39m [97m@wdio/browserstack-service[39m Accessibility Automation will run only on Chrome browsers.
[90m2025-07-17T12:03:27.101Z[39m [33mWARN[39m [97m@wdio/browserstack-service[39m Accessibility Automation will run only on Chrome browsers.
[90m2025-07-17T12:03:27.102Z[39m [33mWARN[39m [97m@wdio/browserstack-service[39m Accessibility Automation will run only on Chrome browsers.
[90m2025-07-17T12:03:27.103Z[39m [32mDEBUG[39m [97m@wdio/browserstack-service[39m Sending launch start event
[90m2025-07-17T12:03:27.855Z[39m [32mDEBUG[39m [97m@wdio/browserstack-service[39m [Start_Build] Success response: {"observability":{"success":true,"options":{"allow_screenshots":true},"code":null,"errors":null,"error_trace_id":null},"accessibility":null,"automate":null,"build_hashed_id":"fdd8lsuuajswmt1gwfpccmvuknqe1hcpphruuxkh","jwt":"eyJhbGciOiJIUzI1NiJ9.eyJpc3MiOiJicm93c2Vyc3RhY2tfb2IiLCJzdWIiOiI5ODgxMzgwIiwiZ3JvdXBfaWQiOjk3OTE0NzMsInVzZXJfaWQiOjk4ODEzODAsImJ1aWxkX2hhc2hlZF9pZCI6ImZkZDhsc3V1YWpzd210MWd3ZnBjY212dWtucWUxaGNwcGhydXV4a2giLCJwcm9qZWN0X25hbWUiOiJ3ZGlvLWFwcGl1bS10ZXN0IiwiaG9va19hc190ZXN0IjoiMSIsImJ1aWxkX25hbWUiOiJic3RhY2std2ViZHJpdmVyaW8iLCJwcm9kdWN0X21hcCI6IntcIm9ic2VydmFiaWxpdHlcIjp0cnVlLFwib3JpZ2luRnJvbVByb2R1Y3RNYXBcIjpcIkFwcEF1dG9tYXRlXCIsXCJic3RhY2tBdXRvbWF0aW9uXCI6dHJ1ZSxcImNhZFwiOnRydWUsXCJub25TREtcIjpmYWxzZSxcImFjY2Vzc2liaWxpdHlBdXRvRW5hYmxlZFwiOnRydWUsXCJhcHBfYXV0b21hdGVcIjp0cnVlfSIsImdycl9yZWdpb24iOiIiLCJpc19sb3dfdm9sdW1lIjpmYWxzZSwic2lnbmluZ19rZXlfaGFzaCI6IjM3YzExMzFlNGIyZTc0M2M3NjZlMWQ3MGJmNWYyYjU3ZGM2OWIxOTVkMzAwZTMyYWU4ZDAyMzEyMGE0YTZkOTciLCJpYXQiOjE3NTI3NTM2NjksImV4cCI6MTc1MzA5OTI2OX0.L-XMErFC1xZpXcUzZyCII4YOYXewD-SPfMOENlq95TA","discard_build":null,"app_automate":{"success":true,"options":{"allow_screenshots":true},"code":null,"errors":null,"error_trace_id":null}}
[90m2025-07-17T12:03:27.855Z[39m [96mINFO[39m [97m@wdio/browserstack-service[39m Testhub started with id: fdd8lsuuajswmt1gwfpccmvuknqe1hcpphruuxkh
[90m2025-07-17T12:03:28.435Z[39m [32mDEBUG[39m [97m@wdio/browserstack-service[39m Percy binary is up to date (ETag unchanged)
[90m2025-07-17T12:03:49.926Z[39m [96mINFO[39m [97m@wdio/browserstack-service[39m Browserstack Local successfully started after 33308.153000000006ms
[90m2025-07-17T12:04:37.490Z[39m [32mDEBUG[39m [97m@wdio/browserstack-service[39m Skipping method: Console, exists: true, type: function
[90m2025-07-17T12:04:38.102Z[39m [32mDEBUG[39m [97m@wdio/browserstack-service[39m Requesting Browserstack session URL at https://api-cloud.browserstack.com/app-automate/sessions/c31f11dd32d32d2250b0c0e9dc3bae7a8696c8f5.json
[90m2025-07-17T12:04:39.021Z[39m [96mINFO[39m [97m@wdio/browserstack-service[39m  session: https://app-automate.browserstack.com/builds/6b6e916dd33d99cb98953f3298996a20cc7e968f/sessions/c31f11dd32d32d2250b0c0e9dc3bae7a8696c8f5
[90m2025-07-17T12:04:39.028Z[39m [96mINFO[39m [97m@wdio/browserstack-service[39m Update job with sessionId c31f11dd32d32d2250b0c0e9dc3bae7a8696c8f5
[90m2025-07-17T12:04:39.028Z[39m [32mDEBUG[39m [97m@wdio/browserstack-service[39m Updating Browserstack session at https://api-cloud.browserstack.com/app-automate/sessions/c31f11dd32d32d2250b0c0e9dc3bae7a8696c8f5.json with request body: 
[90m2025-07-17T12:04:39.496Z[39m [96mINFO[39m [97m@wdio/browserstack-service[39m Update job with sessionId c31f11dd32d32d2250b0c0e9dc3bae7a8696c8f5
[90m2025-07-17T12:04:39.497Z[39m [32mDEBUG[39m [97m@wdio/browserstack-service[39m Updating Browserstack session at https://api-cloud.browserstack.com/app-automate/sessions/c31f11dd32d32d2250b0c0e9dc3bae7a8696c8f5.json with request body: 
[90m2025-07-17T12:04:40.311Z[39m [32mDEBUG[39m [97m@wdio/browserstack-service[39m Got platformVersion from driver caps
[90m2025-07-17T12:04:40.311Z[39m [32mDEBUG[39m [97m@wdio/browserstack-service[39m Added data to request queue. Queue length = 1
[90m2025-07-17T12:04:40.982Z[39m [32mDEBUG[39m [97m@wdio/browserstack-service[39m Added data to request queue. Queue length = 2
[90m2025-07-17T12:04:41.262Z[39m [32mDEBUG[39m [97m@wdio/browserstack-service[39m Added data to request queue. Queue length = 3
[90m2025-07-17T12:04:42.004Z[39m [32mDEBUG[39m [97m@wdio/browserstack-service[39m Added data to request queue. Queue length = 4
[90m2025-07-17T12:04:42.272Z[39m [32mDEBUG[39m [97m@wdio/browserstack-service[39m Added data to request queue. Queue length = 5
[90m2025-07-17T12:04:42.325Z[39m [32mDEBUG[39m [97m@wdio/browserstack-service[39m Sending data from request queue. Data length = 5, Queue length after removal = 0
[90m2025-07-17T12:04:42.325Z[39m [32mDEBUG[39m [97m@wdio/browserstack-service[39m calling callback with kind INTERVAL_QUEUE
[90m2025-07-17T12:04:42.325Z[39m [32mDEBUG[39m [97m@wdio/browserstack-service[39m callback: called with events 5
[90m2025-07-17T12:04:42.993Z[39m [32mDEBUG[39m [97m@wdio/browserstack-service[39m [BATCH_DATA] Success response: {"success":true}
[90m2025-07-17T12:04:42.993Z[39m [32mDEBUG[39m [97m@wdio/browserstack-service[39m callback: marking events success 5
[90m2025-07-17T12:04:43.160Z[39m [32mDEBUG[39m [97m@wdio/browserstack-service[39m Added data to request queue. Queue length = 1
[90m2025-07-17T12:04:43.374Z[39m [32mDEBUG[39m [97m@wdio/browserstack-service[39m Added data to request queue. Queue length = 2
[90m2025-07-17T12:04:43.913Z[39m [32mDEBUG[39m [97m@wdio/browserstack-service[39m Skipping method: Console, exists: true, type: function
[90m2025-07-17T12:04:44.327Z[39m [32mDEBUG[39m [97m@wdio/browserstack-service[39m Sending data from request queue. Data length = 2, Queue length after removal = 0
[90m2025-07-17T12:04:44.327Z[39m [32mDEBUG[39m [97m@wdio/browserstack-service[39m calling callback with kind INTERVAL_QUEUE
[90m2025-07-17T12:04:44.327Z[39m [32mDEBUG[39m [97m@wdio/browserstack-service[39m callback: called with events 2
[90m2025-07-17T12:04:44.411Z[39m [32mDEBUG[39m [97m@wdio/browserstack-service[39m Added data to request queue. Queue length = 1
[90m2025-07-17T12:04:44.484Z[39m [32mDEBUG[39m [97m@wdio/browserstack-service[39m [BATCH_DATA] Success response: {"success":true}
[90m2025-07-17T12:04:44.485Z[39m [32mDEBUG[39m [97m@wdio/browserstack-service[39m callback: marking events success 2
[90m2025-07-17T12:04:44.544Z[39m [32mDEBUG[39m [97m@wdio/browserstack-service[39m Requesting Browserstack session URL at https://api-cloud.browserstack.com/app-automate/sessions/00935d8d41d7f6ea7121ea1662ceacd63a24dbea.json
[90m2025-07-17T12:04:44.945Z[39m [32mDEBUG[39m [97m@wdio/browserstack-service[39m Added data to request queue. Queue length = 2
[90m2025-07-17T12:04:45.171Z[39m [32mDEBUG[39m [97m@wdio/browserstack-service[39m Added data to request queue. Queue length = 3
[90m2025-07-17T12:04:45.235Z[39m [96mINFO[39m [97m@wdio/browserstack-service[39m  session: https://app-automate.browserstack.com/builds/6b6e916dd33d99cb98953f3298996a20cc7e968f/sessions/00935d8d41d7f6ea7121ea1662ceacd63a24dbea
[90m2025-07-17T12:04:45.241Z[39m [96mINFO[39m [97m@wdio/browserstack-service[39m Update job with sessionId 00935d8d41d7f6ea7121ea1662ceacd63a24dbea
[90m2025-07-17T12:04:45.242Z[39m [32mDEBUG[39m [97m@wdio/browserstack-service[39m Updating Browserstack session at https://api-cloud.browserstack.com/app-automate/sessions/00935d8d41d7f6ea7121ea1662ceacd63a24dbea.json with request body: 
[90m2025-07-17T12:04:45.540Z[39m [96mINFO[39m [97m@wdio/browserstack-service[39m Update job with sessionId 00935d8d41d7f6ea7121ea1662ceacd63a24dbea
[90m2025-07-17T12:04:45.541Z[39m [32mDEBUG[39m [97m@wdio/browserstack-service[39m Updating Browserstack session at https://api-cloud.browserstack.com/app-automate/sessions/00935d8d41d7f6ea7121ea1662ceacd63a24dbea.json with request body: 
[90m2025-07-17T12:04:45.961Z[39m [32mDEBUG[39m [97m@wdio/browserstack-service[39m Got platformVersion from driver caps
[90m2025-07-17T12:04:45.961Z[39m [32mDEBUG[39m [97m@wdio/browserstack-service[39m Added data to request queue. Queue length = 1
[90m2025-07-17T12:04:46.206Z[39m [32mDEBUG[39m [97m@wdio/browserstack-service[39m Added data to request queue. Queue length = 4
[90m2025-07-17T12:04:46.334Z[39m [32mDEBUG[39m [97m@wdio/browserstack-service[39m Sending data from request queue. Data length = 4, Queue length after removal = 0
[90m2025-07-17T12:04:46.334Z[39m [32mDEBUG[39m [97m@wdio/browserstack-service[39m calling callback with kind INTERVAL_QUEUE
[90m2025-07-17T12:04:46.334Z[39m [32mDEBUG[39m [97m@wdio/browserstack-service[39m callback: called with events 4
[90m2025-07-17T12:04:46.517Z[39m [32mDEBUG[39m [97m@wdio/browserstack-service[39m [BATCH_DATA] Success response: {"success":true}
[90m2025-07-17T12:04:46.517Z[39m [32mDEBUG[39m [97m@wdio/browserstack-service[39m callback: marking events success 4
[90m2025-07-17T12:04:46.678Z[39m [32mDEBUG[39m [97m@wdio/browserstack-service[39m Added data to request queue. Queue length = 2
[90m2025-07-17T12:04:46.739Z[39m [32mDEBUG[39m [97m@wdio/browserstack-service[39m Added data to request queue. Queue length = 1
[90m2025-07-17T12:04:46.967Z[39m [32mDEBUG[39m [97m@wdio/browserstack-service[39m Added data to request queue. Queue length = 3
[90m2025-07-17T12:04:46.993Z[39m [32mDEBUG[39m [97m@wdio/browserstack-service[39m Added data to request queue. Queue length = 2
[90m2025-07-17T12:04:47.728Z[39m [32mDEBUG[39m [97m@wdio/browserstack-service[39m Added data to request queue. Queue length = 4
[90m2025-07-17T12:04:47.970Z[39m [32mDEBUG[39m [97m@wdio/browserstack-service[39m Sending data from request queue. Data length = 4, Queue length after removal = 0
[90m2025-07-17T12:04:47.970Z[39m [32mDEBUG[39m [97m@wdio/browserstack-service[39m calling callback with kind INTERVAL_QUEUE
[90m2025-07-17T12:04:47.970Z[39m [32mDEBUG[39m [97m@wdio/browserstack-service[39m callback: called with events 4
[90m2025-07-17T12:04:47.979Z[39m [32mDEBUG[39m [97m@wdio/browserstack-service[39m Added data to request queue. Queue length = 3
[90m2025-07-17T12:04:47.991Z[39m [32mDEBUG[39m [97m@wdio/browserstack-service[39m Added data to request queue. Queue length = 1
[90m2025-07-17T12:04:48.346Z[39m [32mDEBUG[39m [97m@wdio/browserstack-service[39m Sending data from request queue. Data length = 3, Queue length after removal = 0
[90m2025-07-17T12:04:48.346Z[39m [32mDEBUG[39m [97m@wdio/browserstack-service[39m calling callback with kind INTERVAL_QUEUE
[90m2025-07-17T12:04:48.346Z[39m [32mDEBUG[39m [97m@wdio/browserstack-service[39m callback: called with events 3
[90m2025-07-17T12:04:48.491Z[39m [32mDEBUG[39m [97m@wdio/browserstack-service[39m [BATCH_DATA] Success response: {"success":true}
[90m2025-07-17T12:04:48.491Z[39m [32mDEBUG[39m [97m@wdio/browserstack-service[39m callback: marking events success 4
[90m2025-07-17T12:04:48.519Z[39m [32mDEBUG[39m [97m@wdio/browserstack-service[39m [BATCH_DATA] Success response: {"success":true}
[90m2025-07-17T12:04:48.519Z[39m [32mDEBUG[39m [97m@wdio/browserstack-service[39m callback: marking events success 3
[90m2025-07-17T12:04:48.558Z[39m [32mDEBUG[39m [97m@wdio/browserstack-service[39m Added data to request queue. Queue length = 1
[90m2025-07-17T12:04:48.791Z[39m [32mDEBUG[39m [97m@wdio/browserstack-service[39m Added data to request queue. Queue length = 2
[90m2025-07-17T12:04:48.873Z[39m [32mDEBUG[39m [97m@wdio/browserstack-service[39m Added data to request queue. Queue length = 2
[90m2025-07-17T12:04:49.105Z[39m [32mDEBUG[39m [97m@wdio/browserstack-service[39m Added data to request queue. Queue length = 3
[90m2025-07-17T12:04:49.779Z[39m [32mDEBUG[39m [97m@wdio/browserstack-service[39m Added data to request queue. Queue length = 3
[90m2025-07-17T12:04:49.978Z[39m [32mDEBUG[39m [97m@wdio/browserstack-service[39m Sending data from request queue. Data length = 3, Queue length after removal = 0
[90m2025-07-17T12:04:49.978Z[39m [32mDEBUG[39m [97m@wdio/browserstack-service[39m calling callback with kind INTERVAL_QUEUE
[90m2025-07-17T12:04:49.978Z[39m [32mDEBUG[39m [97m@wdio/browserstack-service[39m callback: called with events 3
[90m2025-07-17T12:04:50.015Z[39m [32mDEBUG[39m [97m@wdio/browserstack-service[39m Added data to request queue. Queue length = 4
[90m2025-07-17T12:04:50.124Z[39m [32mDEBUG[39m [97m@wdio/browserstack-service[39m Added data to request queue. Queue length = 1
[90m2025-07-17T12:04:50.144Z[39m [32mDEBUG[39m [97m@wdio/browserstack-service[39m [BATCH_DATA] Success response: {"success":true}
[90m2025-07-17T12:04:50.144Z[39m [32mDEBUG[39m [97m@wdio/browserstack-service[39m callback: marking events success 3
[90m2025-07-17T12:04:50.354Z[39m [32mDEBUG[39m [97m@wdio/browserstack-service[39m Sending data from request queue. Data length = 4, Queue length after removal = 0
[90m2025-07-17T12:04:50.354Z[39m [32mDEBUG[39m [97m@wdio/browserstack-service[39m calling callback with kind INTERVAL_QUEUE
[90m2025-07-17T12:04:50.354Z[39m [32mDEBUG[39m [97m@wdio/browserstack-service[39m callback: called with events 4
[90m2025-07-17T12:04:50.438Z[39m [32mDEBUG[39m [97m@wdio/browserstack-service[39m Added data to request queue. Queue length = 1
[90m2025-07-17T12:04:50.534Z[39m [32mDEBUG[39m [97m@wdio/browserstack-service[39m [BATCH_DATA] Success response: {"success":true}
[90m2025-07-17T12:04:50.534Z[39m [32mDEBUG[39m [97m@wdio/browserstack-service[39m callback: marking events success 4
[90m2025-07-17T12:04:50.656Z[39m [32mDEBUG[39m [97m@wdio/browserstack-service[39m Added data to request queue. Queue length = 2
[90m2025-07-17T12:04:50.870Z[39m [32mDEBUG[39m [97m@wdio/browserstack-service[39m Added data to request queue. Queue length = 3
[90m2025-07-17T12:04:50.963Z[39m [32mDEBUG[39m [97m@wdio/browserstack-service[39m Added data to request queue. Queue length = 2
[90m2025-07-17T12:04:51.199Z[39m [32mDEBUG[39m [97m@wdio/browserstack-service[39m Accessibility after test hook. Before sending test stop event
[90m2025-07-17T12:04:51.200Z[39m [32mDEBUG[39m [97m@wdio/browserstack-service[39m Got platformVersion from driver caps
[90m2025-07-17T12:04:51.200Z[39m [32mDEBUG[39m [97m@wdio/browserstack-service[39m Added data to request queue. Queue length = 3
[90m2025-07-17T12:04:51.207Z[39m [96mINFO[39m [97m@wdio/browserstack-service[39m Update job with sessionId c31f11dd32d32d2250b0c0e9dc3bae7a8696c8f5
[90m2025-07-17T12:04:51.207Z[39m [32mDEBUG[39m [97m@wdio/browserstack-service[39m Updating Browserstack session at https://api-cloud.browserstack.com/app-automate/sessions/c31f11dd32d32d2250b0c0e9dc3bae7a8696c8f5.json with request body: 
[90m2025-07-17T12:04:51.431Z[39m [32mDEBUG[39m [97m@wdio/browserstack-service[39m Added data to request queue. Queue length = 4
[90m2025-07-17T12:04:51.879Z[39m [32mDEBUG[39m [97m@wdio/browserstack-service[39m teardown started
[90m2025-07-17T12:04:51.879Z[39m [32mDEBUG[39m [97m@wdio/browserstack-service[39m shutdown started
[90m2025-07-17T12:04:51.879Z[39m [32mDEBUG[39m [97m@wdio/browserstack-service[39m Shutting down request queue
[90m2025-07-17T12:04:51.879Z[39m [32mDEBUG[39m [97m@wdio/browserstack-service[39m calling callback with kind SHUTDOWN_QUEUE
[90m2025-07-17T12:04:51.879Z[39m [32mDEBUG[39m [97m@wdio/browserstack-service[39m callback: called with events 4
[90m2025-07-17T12:04:51.989Z[39m [32mDEBUG[39m [97m@wdio/browserstack-service[39m Sending data from request queue. Data length = 3, Queue length after removal = 0
[90m2025-07-17T12:04:51.990Z[39m [32mDEBUG[39m [97m@wdio/browserstack-service[39m calling callback with kind INTERVAL_QUEUE
[90m2025-07-17T12:04:51.990Z[39m [32mDEBUG[39m [97m@wdio/browserstack-service[39m callback: called with events 3
[90m2025-07-17T12:04:52.028Z[39m [32mDEBUG[39m [97m@wdio/browserstack-service[39m Added data to request queue. Queue length = 1
[90m2025-07-17T12:04:52.053Z[39m [32mDEBUG[39m [97m@wdio/browserstack-service[39m [BATCH_DATA] Success response: {"success":true}
[90m2025-07-17T12:04:52.053Z[39m [32mDEBUG[39m [97m@wdio/browserstack-service[39m callback: marking events success 4
[90m2025-07-17T12:04:52.054Z[39m [32mDEBUG[39m [97m@wdio/browserstack-service[39m shutdown ended
[90m2025-07-17T12:04:52.054Z[39m [32mDEBUG[39m [97m@wdio/browserstack-service[39m teardown ended
[90m2025-07-17T12:04:52.148Z[39m [32mDEBUG[39m [97m@wdio/browserstack-service[39m [BATCH_DATA] Success response: {"success":true}
[90m2025-07-17T12:04:52.148Z[39m [32mDEBUG[39m [97m@wdio/browserstack-service[39m callback: marking events success 3
[90m2025-07-17T12:04:52.429Z[39m [32mDEBUG[39m [97m@wdio/browserstack-service[39m Added data to request queue. Queue length = 2
[90m2025-07-17T12:04:52.650Z[39m [32mDEBUG[39m [97m@wdio/browserstack-service[39m Added data to request queue. Queue length = 3
[90m2025-07-17T12:04:53.181Z[39m [32mDEBUG[39m [97m@wdio/browserstack-service[39m Added data to request queue. Queue length = 4
[90m2025-07-17T12:04:53.863Z[39m [32mDEBUG[39m [97m@wdio/browserstack-service[39m Added data to request queue. Queue length = 5
[90m2025-07-17T12:04:53.995Z[39m [32mDEBUG[39m [97m@wdio/browserstack-service[39m Sending data from request queue. Data length = 5, Queue length after removal = 0
[90m2025-07-17T12:04:53.995Z[39m [32mDEBUG[39m [97m@wdio/browserstack-service[39m calling callback with kind INTERVAL_QUEUE
[90m2025-07-17T12:04:53.996Z[39m [32mDEBUG[39m [97m@wdio/browserstack-service[39m callback: called with events 5
[90m2025-07-17T12:04:54.009Z[39m [32mDEBUG[39m [97m@wdio/browserstack-service[39m Added data to request queue. Queue length = 1
[90m2025-07-17T12:04:54.009Z[39m [32mDEBUG[39m [97m@wdio/browserstack-service[39m Force request-queue shutdown, as test run event is received after teardown
[90m2025-07-17T12:04:54.009Z[39m [32mDEBUG[39m [97m@wdio/browserstack-service[39m Sending data from request queue. Data length = 1, Queue length after removal = 0
[90m2025-07-17T12:04:54.009Z[39m [32mDEBUG[39m [97m@wdio/browserstack-service[39m calling callback with kind INTERVAL_QUEUE
[90m2025-07-17T12:04:54.009Z[39m [32mDEBUG[39m [97m@wdio/browserstack-service[39m callback: called with events 1
[90m2025-07-17T12:04:54.087Z[39m [32mDEBUG[39m [97m@wdio/browserstack-service[39m Added data to request queue. Queue length = 1
[90m2025-07-17T12:04:54.190Z[39m [32mDEBUG[39m [97m@wdio/browserstack-service[39m [BATCH_DATA] Success response: {"success":true}
[90m2025-07-17T12:04:54.190Z[39m [32mDEBUG[39m [97m@wdio/browserstack-service[39m callback: marking events success 5
[90m2025-07-17T12:04:55.123Z[39m [32mDEBUG[39m [97m@wdio/browserstack-service[39m Added data to request queue. Queue length = 2
[90m2025-07-17T12:04:55.426Z[39m [32mDEBUG[39m [97m@wdio/browserstack-service[39m Added data to request queue. Queue length = 3
[90m2025-07-17T12:04:56.009Z[39m [32mDEBUG[39m [97m@wdio/browserstack-service[39m Sending data from request queue. Data length = 3, Queue length after removal = 0
[90m2025-07-17T12:04:56.009Z[39m [32mDEBUG[39m [97m@wdio/browserstack-service[39m calling callback with kind INTERVAL_QUEUE
[90m2025-07-17T12:04:56.009Z[39m [32mDEBUG[39m [97m@wdio/browserstack-service[39m callback: called with events 3
[90m2025-07-17T12:04:56.170Z[39m [32mDEBUG[39m [97m@wdio/browserstack-service[39m [BATCH_DATA] Success response: {"success":true}
[90m2025-07-17T12:04:56.170Z[39m [32mDEBUG[39m [97m@wdio/browserstack-service[39m callback: marking events success 3
[90m2025-07-17T12:04:56.466Z[39m [32mDEBUG[39m [97m@wdio/browserstack-service[39m Added data to request queue. Queue length = 1
[90m2025-07-17T12:04:56.524Z[39m [32mDEBUG[39m [97m@wdio/browserstack-service[39m Accessibility after test hook. Before sending test stop event
[90m2025-07-17T12:04:56.525Z[39m [32mDEBUG[39m [97m@wdio/browserstack-service[39m Got platformVersion from driver caps
[90m2025-07-17T12:04:56.526Z[39m [32mDEBUG[39m [97m@wdio/browserstack-service[39m Added data to request queue. Queue length = 2
[90m2025-07-17T12:04:56.534Z[39m [96mINFO[39m [97m@wdio/browserstack-service[39m Update job with sessionId 00935d8d41d7f6ea7121ea1662ceacd63a24dbea
[90m2025-07-17T12:04:56.534Z[39m [32mDEBUG[39m [97m@wdio/browserstack-service[39m Updating Browserstack session at https://api-cloud.browserstack.com/app-automate/sessions/00935d8d41d7f6ea7121ea1662ceacd63a24dbea.json with request body: 
[90m2025-07-17T12:04:56.758Z[39m [32mDEBUG[39m [97m@wdio/browserstack-service[39m Added data to request queue. Queue length = 3
[90m2025-07-17T12:04:57.328Z[39m [32mDEBUG[39m [97m@wdio/browserstack-service[39m teardown started
[90m2025-07-17T12:04:57.328Z[39m [32mDEBUG[39m [97m@wdio/browserstack-service[39m shutdown started
[90m2025-07-17T12:04:57.328Z[39m [32mDEBUG[39m [97m@wdio/browserstack-service[39m Shutting down request queue
[90m2025-07-17T12:04:57.328Z[39m [32mDEBUG[39m [97m@wdio/browserstack-service[39m calling callback with kind SHUTDOWN_QUEUE
[90m2025-07-17T12:04:57.328Z[39m [32mDEBUG[39m [97m@wdio/browserstack-service[39m callback: called with events 3
[90m2025-07-17T12:04:57.495Z[39m [32mDEBUG[39m [97m@wdio/browserstack-service[39m [BATCH_DATA] Success response: {"success":true}
[90m2025-07-17T12:04:57.495Z[39m [32mDEBUG[39m [97m@wdio/browserstack-service[39m callback: marking events success 3
[90m2025-07-17T12:04:57.496Z[39m [32mDEBUG[39m [97m@wdio/browserstack-service[39m shutdown ended
[90m2025-07-17T12:04:57.496Z[39m [32mDEBUG[39m [97m@wdio/browserstack-service[39m teardown ended
[90m2025-07-17T12:04:58.347Z[39m [32mDEBUG[39m [97m@wdio/browserstack-service[39m Added data to request queue. Queue length = 1
[90m2025-07-17T12:04:58.348Z[39m [32mDEBUG[39m [97m@wdio/browserstack-service[39m Force request-queue shutdown, as test run event is received after teardown
[90m2025-07-17T12:04:58.348Z[39m [32mDEBUG[39m [97m@wdio/browserstack-service[39m Sending data from request queue. Data length = 1, Queue length after removal = 0
[90m2025-07-17T12:04:58.348Z[39m [32mDEBUG[39m [97m@wdio/browserstack-service[39m calling callback with kind INTERVAL_QUEUE
[90m2025-07-17T12:04:58.348Z[39m [32mDEBUG[39m [97m@wdio/browserstack-service[39m callback: called with events 1
[90m2025-07-17T12:05:08.305Z[39m [32mDEBUG[39m [97m@wdio/browserstack-service[39m Skipping method: Console, exists: true, type: function
[90m2025-07-17T12:05:08.881Z[39m [32mDEBUG[39m [97m@wdio/browserstack-service[39m Requesting Browserstack session URL at https://api-cloud.browserstack.com/app-automate/sessions/25f2661243122ec9462a7591b2919af9625b3e1b.json
[90m2025-07-17T12:05:09.585Z[39m [96mINFO[39m [97m@wdio/browserstack-service[39m  session: https://app-automate.browserstack.com/builds/6b6e916dd33d99cb98953f3298996a20cc7e968f/sessions/25f2661243122ec9462a7591b2919af9625b3e1b
[90m2025-07-17T12:05:09.598Z[39m [96mINFO[39m [97m@wdio/browserstack-service[39m Update job with sessionId 25f2661243122ec9462a7591b2919af9625b3e1b
[90m2025-07-17T12:05:09.598Z[39m [32mDEBUG[39m [97m@wdio/browserstack-service[39m Updating Browserstack session at https://api-cloud.browserstack.com/app-automate/sessions/25f2661243122ec9462a7591b2919af9625b3e1b.json with request body: 
[90m2025-07-17T12:05:09.859Z[39m [96mINFO[39m [97m@wdio/browserstack-service[39m Update job with sessionId 25f2661243122ec9462a7591b2919af9625b3e1b
[90m2025-07-17T12:05:09.859Z[39m [32mDEBUG[39m [97m@wdio/browserstack-service[39m Updating Browserstack session at https://api-cloud.browserstack.com/app-automate/sessions/25f2661243122ec9462a7591b2919af9625b3e1b.json with request body: 
[90m2025-07-17T12:05:10.269Z[39m [32mDEBUG[39m [97m@wdio/browserstack-service[39m Got platformVersion from driver caps
[90m2025-07-17T12:05:10.270Z[39m [32mDEBUG[39m [97m@wdio/browserstack-service[39m Added data to request queue. Queue length = 1
[90m2025-07-17T12:05:11.245Z[39m [32mDEBUG[39m [97m@wdio/browserstack-service[39m Added data to request queue. Queue length = 2
[90m2025-07-17T12:05:11.553Z[39m [32mDEBUG[39m [97m@wdio/browserstack-service[39m Added data to request queue. Queue length = 3
[90m2025-07-17T12:05:12.270Z[39m [32mDEBUG[39m [97m@wdio/browserstack-service[39m Sending data from request queue. Data length = 3, Queue length after removal = 0
[90m2025-07-17T12:05:12.270Z[39m [32mDEBUG[39m [97m@wdio/browserstack-service[39m calling callback with kind INTERVAL_QUEUE
[90m2025-07-17T12:05:12.270Z[39m [32mDEBUG[39m [97m@wdio/browserstack-service[39m callback: called with events 3
[90m2025-07-17T12:05:12.570Z[39m [32mDEBUG[39m [97m@wdio/browserstack-service[39m Added data to request queue. Queue length = 1
[90m2025-07-17T12:05:12.822Z[39m [32mDEBUG[39m [97m@wdio/browserstack-service[39m [BATCH_DATA] Success response: {"success":true}
[90m2025-07-17T12:05:12.822Z[39m [32mDEBUG[39m [97m@wdio/browserstack-service[39m callback: marking events success 3
[90m2025-07-17T12:05:13.039Z[39m [32mDEBUG[39m [97m@wdio/browserstack-service[39m Added data to request queue. Queue length = 2
[90m2025-07-17T12:05:14.008Z[39m [32mDEBUG[39m [97m@wdio/browserstack-service[39m Added data to request queue. Queue length = 3
[90m2025-07-17T12:05:14.278Z[39m [32mDEBUG[39m [97m@wdio/browserstack-service[39m Sending data from request queue. Data length = 3, Queue length after removal = 0
[90m2025-07-17T12:05:14.278Z[39m [32mDEBUG[39m [97m@wdio/browserstack-service[39m calling callback with kind INTERVAL_QUEUE
[90m2025-07-17T12:05:14.278Z[39m [32mDEBUG[39m [97m@wdio/browserstack-service[39m callback: called with events 3
[90m2025-07-17T12:05:14.292Z[39m [32mDEBUG[39m [97m@wdio/browserstack-service[39m Added data to request queue. Queue length = 1
[90m2025-07-17T12:05:14.441Z[39m [32mDEBUG[39m [97m@wdio/browserstack-service[39m [BATCH_DATA] Success response: {"success":true}
[90m2025-07-17T12:05:14.441Z[39m [32mDEBUG[39m [97m@wdio/browserstack-service[39m callback: marking events success 3
[90m2025-07-17T12:05:15.358Z[39m [32mDEBUG[39m [97m@wdio/browserstack-service[39m Added data to request queue. Queue length = 2
[90m2025-07-17T12:05:15.906Z[39m [32mDEBUG[39m [97m@wdio/browserstack-service[39m Added data to request queue. Queue length = 3
[90m2025-07-17T12:05:16.158Z[39m [32mDEBUG[39m [97m@wdio/browserstack-service[39m Added data to request queue. Queue length = 4
[90m2025-07-17T12:05:16.284Z[39m [32mDEBUG[39m [97m@wdio/browserstack-service[39m Sending data from request queue. Data length = 4, Queue length after removal = 0
[90m2025-07-17T12:05:16.284Z[39m [32mDEBUG[39m [97m@wdio/browserstack-service[39m calling callback with kind INTERVAL_QUEUE
[90m2025-07-17T12:05:16.284Z[39m [32mDEBUG[39m [97m@wdio/browserstack-service[39m callback: called with events 4
[90m2025-07-17T12:05:16.451Z[39m [32mDEBUG[39m [97m@wdio/browserstack-service[39m [BATCH_DATA] Success response: {"success":true}
[90m2025-07-17T12:05:16.451Z[39m [32mDEBUG[39m [97m@wdio/browserstack-service[39m callback: marking events success 4
[90m2025-07-17T12:05:17.173Z[39m [32mDEBUG[39m [97m@wdio/browserstack-service[39m Added data to request queue. Queue length = 1
[90m2025-07-17T12:05:17.731Z[39m [32mDEBUG[39m [97m@wdio/browserstack-service[39m Added data to request queue. Queue length = 2
[90m2025-07-17T12:05:17.993Z[39m [32mDEBUG[39m [97m@wdio/browserstack-service[39m Added data to request queue. Queue length = 3
[90m2025-07-17T12:05:18.287Z[39m [32mDEBUG[39m [97m@wdio/browserstack-service[39m Sending data from request queue. Data length = 3, Queue length after removal = 0
[90m2025-07-17T12:05:18.287Z[39m [32mDEBUG[39m [97m@wdio/browserstack-service[39m calling callback with kind INTERVAL_QUEUE
[90m2025-07-17T12:05:18.287Z[39m [32mDEBUG[39m [97m@wdio/browserstack-service[39m callback: called with events 3
[90m2025-07-17T12:05:18.454Z[39m [32mDEBUG[39m [97m@wdio/browserstack-service[39m [BATCH_DATA] Success response: {"success":true}
[90m2025-07-17T12:05:18.454Z[39m [32mDEBUG[39m [97m@wdio/browserstack-service[39m callback: marking events success 3
[90m2025-07-17T12:05:18.661Z[39m [32mDEBUG[39m [97m@wdio/browserstack-service[39m Added data to request queue. Queue length = 1
[90m2025-07-17T12:05:19.340Z[39m [32mDEBUG[39m [97m@wdio/browserstack-service[39m Added data to request queue. Queue length = 2
[90m2025-07-17T12:05:19.662Z[39m [32mDEBUG[39m [97m@wdio/browserstack-service[39m Added data to request queue. Queue length = 3
[90m2025-07-17T12:05:20.288Z[39m [32mDEBUG[39m [97m@wdio/browserstack-service[39m Sending data from request queue. Data length = 3, Queue length after removal = 0
[90m2025-07-17T12:05:20.288Z[39m [32mDEBUG[39m [97m@wdio/browserstack-service[39m calling callback with kind INTERVAL_QUEUE
[90m2025-07-17T12:05:20.288Z[39m [32mDEBUG[39m [97m@wdio/browserstack-service[39m callback: called with events 3
[90m2025-07-17T12:05:20.460Z[39m [32mDEBUG[39m [97m@wdio/browserstack-service[39m [BATCH_DATA] Success response: {"success":true}
[90m2025-07-17T12:05:20.460Z[39m [32mDEBUG[39m [97m@wdio/browserstack-service[39m callback: marking events success 3
[90m2025-07-17T12:05:20.869Z[39m [32mDEBUG[39m [97m@wdio/browserstack-service[39m Added data to request queue. Queue length = 1
[90m2025-07-17T12:05:21.281Z[39m [32mDEBUG[39m [97m@wdio/browserstack-service[39m Added data to request queue. Queue length = 2
[90m2025-07-17T12:05:21.946Z[39m [32mDEBUG[39m [97m@wdio/browserstack-service[39m Added data to request queue. Queue length = 3
[90m2025-07-17T12:05:22.012Z[39m [32mDEBUG[39m [97m@wdio/browserstack-service[39m Accessibility after test hook. Before sending test stop event
[90m2025-07-17T12:05:22.013Z[39m [32mDEBUG[39m [97m@wdio/browserstack-service[39m Got platformVersion from driver caps
[90m2025-07-17T12:05:22.014Z[39m [32mDEBUG[39m [97m@wdio/browserstack-service[39m Added data to request queue. Queue length = 4
[90m2025-07-17T12:05:22.021Z[39m [96mINFO[39m [97m@wdio/browserstack-service[39m Update job with sessionId 25f2661243122ec9462a7591b2919af9625b3e1b
[90m2025-07-17T12:05:22.021Z[39m [32mDEBUG[39m [97m@wdio/browserstack-service[39m Updating Browserstack session at https://api-cloud.browserstack.com/app-automate/sessions/25f2661243122ec9462a7591b2919af9625b3e1b.json with request body: 
[90m2025-07-17T12:05:22.265Z[39m [32mDEBUG[39m [97m@wdio/browserstack-service[39m Added data to request queue. Queue length = 5
[90m2025-07-17T12:05:22.300Z[39m [32mDEBUG[39m [97m@wdio/browserstack-service[39m Sending data from request queue. Data length = 5, Queue length after removal = 0
[90m2025-07-17T12:05:22.300Z[39m [32mDEBUG[39m [97m@wdio/browserstack-service[39m calling callback with kind INTERVAL_QUEUE
[90m2025-07-17T12:05:22.300Z[39m [32mDEBUG[39m [97m@wdio/browserstack-service[39m callback: called with events 5
[90m2025-07-17T12:05:22.458Z[39m [32mDEBUG[39m [97m@wdio/browserstack-service[39m [BATCH_DATA] Success response: {"success":true}
[90m2025-07-17T12:05:22.458Z[39m [32mDEBUG[39m [97m@wdio/browserstack-service[39m callback: marking events success 5
[90m2025-07-17T12:05:22.727Z[39m [32mDEBUG[39m [97m@wdio/browserstack-service[39m teardown started
[90m2025-07-17T12:05:22.727Z[39m [32mDEBUG[39m [97m@wdio/browserstack-service[39m shutdown started
[90m2025-07-17T12:05:22.727Z[39m [32mDEBUG[39m [97m@wdio/browserstack-service[39m Shutting down request queue
[90m2025-07-17T12:05:22.728Z[39m [32mDEBUG[39m [97m@wdio/browserstack-service[39m shutdown ended
[90m2025-07-17T12:05:22.728Z[39m [32mDEBUG[39m [97m@wdio/browserstack-service[39m teardown ended
[90m2025-07-17T12:05:23.513Z[39m [32mDEBUG[39m [97m@wdio/browserstack-service[39m Added data to request queue. Queue length = 1
[90m2025-07-17T12:05:23.514Z[39m [32mDEBUG[39m [97m@wdio/browserstack-service[39m Force request-queue shutdown, as test run event is received after teardown
[90m2025-07-17T12:05:23.514Z[39m [32mDEBUG[39m [97m@wdio/browserstack-service[39m Sending data from request queue. Data length = 1, Queue length after removal = 0
[90m2025-07-17T12:05:23.514Z[39m [32mDEBUG[39m [97m@wdio/browserstack-service[39m calling callback with kind INTERVAL_QUEUE
[90m2025-07-17T12:05:23.514Z[39m [32mDEBUG[39m [97m@wdio/browserstack-service[39m callback: called with events 1
[90m2025-07-17T12:05:24.095Z[39m [32mDEBUG[39m [97m@wdio/browserstack-service[39m Inside OnComplete hook..
[90m2025-07-17T12:05:24.095Z[39m [32mDEBUG[39m [97m@wdio/browserstack-service[39m Sending stop launch event
[90m2025-07-17T12:05:24.618Z[39m [32mDEBUG[39m [97m@wdio/browserstack-service[39m [STOP_BUILD] Success response: 
[90m2025-07-17T12:05:24.620Z[39m [96mINFO[39m [97m@wdio/browserstack-service[39m Browserstack Local successfully started after 523.3164999999863ms
[90m2025-07-17T12:05:24.622Z[39m [96mINFO[39m [97m@wdio/browserstack-service[39m BrowserStack service run ended for id: a8b3abe2-1819-460a-8558-917f41fa1c9a testhub id: fdd8lsuuajswmt1gwfpccmvuknqe1hcpphruuxkh
[90m2025-07-17T12:05:24.623Z[39m [32mDEBUG[39m [97m@wdio/browserstack-service[39m Reading worker file worker-data-11920.json
[90m2025-07-17T12:05:24.623Z[39m [32mDEBUG[39m [97m@wdio/browserstack-service[39m Reading worker file worker-data-1252.json
[90m2025-07-17T12:05:24.624Z[39m [32mDEBUG[39m [97m@wdio/browserstack-service[39m Reading worker file worker-data-1368.json
[90m2025-07-17T12:05:24.627Z[39m [32mDEBUG[39m [97m@wdio/browserstack-service[39m Sending SDK event with data {
  userName: '[REDACTED]',
  accessKey: '[REDACTED]',
  event_type: 'SDKTestSuccessful',
  detectedFramework: 'WebdriverIO-mocha',
  event_properties: {
    sdkRunId: 'a8b3abe2-1819-460a-8558-917f41fa1c9a',
    testhub_uuid: 'fdd8lsuuajswmt1gwfpccmvuknqe1hcpphruuxkh',
    language_framework: 'WebdriverIO_mocha',
    referrer: 'WebdriverIO-mocha/9.17.0',
    language: 'WebdriverIO',
    languageVersion: 'v24.3.0',
    buildName: 'bstack-webdriverio',
    buildIdentifier: 'undefined',
    os: 'Windows_NT',
    hostname: 'GARCIA-PC',
    productMap: {
      observability: true,
      accessibility: false,
      percy: false,
      automate: false,
      app_automate: true
    },
    product: [ 'observability', 'app-automate' ],
    framework: 'mocha',
    productUsage: {
      testObservability: {
        enabled: true,
        manuallySet: false,
        buildHashedId: 'fdd8lsuuajswmt1gwfpccmvuknqe1hcpphruuxkh',
        events: {
          buildEvents: {
            started: { isTriggered: true, status: 'success', error: undefined },
            finished: { isTriggered: true, status: 'success', error: undefined }
          },
          testEvents: {
            started: { triggeredCount: 3, sentCount: 3, failedCount: 0 },
            finished: { triggeredCount: 3, sentCount: 3, failedCount: 0 },
            failed: { triggeredCount: 3, sentCount: 3, failedCount: 0 }
          },
          hookEvents: {
            started: { triggeredCount: 0, sentCount: 0, failedCount: 0 },
            finished: { triggeredCount: 0, sentCount: 0, failedCount: 0 }
          },
          logEvents: {
            triggeredCount: 58,
            sentCount: 58,
            failedCount: 0,
            http: { triggeredCount: 58, sentCount: 58, failedCount: 0 }
          },
          cbtSessionEvents: { triggeredCount: 0, sentCount: 0, failedCount: 0 }
        }
      }
    }
  }
}
[90m2025-07-17T12:05:24.867Z[39m [32mDEBUG[39m [97m@wdio/browserstack-service[39m Funnel Event Response: "{\"message\":\"SDK Event recorded successfully\"}"
[90m2025-07-17T12:05:24.867Z[39m [32mDEBUG[39m [97m@wdio/browserstack-service[39m Funnel event success
[90m2025-07-17T12:05:25.570Z[39m [96mINFO[39m [97m@wdio/browserstack-service[39m Upload response: {
  "status": "failed",
  "message": "File not attached. Visit https://www.browserstack.com/docs/test-observability/quick-start/junit-reports for more details."
}
[90m2025-07-17T12:05:25.571Z[39m [32mDEBUG[39m [97m@wdio/browserstack-service[39m Response - {
  status: 'failed',
  message: 'File not attached. Visit https://www.browserstack.com/docs/test-observability/quick-start/junit-reports for more details.'
}
2025-07-17T12:05:30.226Z DEBUG @wdio/browserstack-service Successfully uploaded performance events Bravo
